<?xml version="1.0" encoding="UTF-8"?>
<!-- Generated by org.testng.reporters.JUnitReportReporter -->
<testsuite skipped="0" hostname="LAPTOP-G8DFQ1R7" name="test.AddCategoryTest" tests="1" failures="0" timestamp="2021-03-21T22:08:54 EDT" time="9.145" errors="0">
  <testcase name="UserShouldAddCategory" time="9.145" classname="test.AddCategoryTest"/>
  <system-out/>
</testsuite> <!-- test.AddCategoryTest -->
